<?xml version="1.0" encoding="UTF-8"?>
<!-- Generated by org.testng.reporters.JUnitXMLReporter -->
<testsuite hostname="VEDANT" ignored="0" name="Test" tests="22" failures="7" timestamp="03 Feb 2023 09:55:46 GMT" time="93.666" errors="0">
  <testcase name="f" time="4.525" classname="testNG.TestngSortable">
    <failure type="java.lang.NullPointerException">
      <![CDATA[java.lang.NullPointerException
at testNG.TestngSortable.f(TestngSortable.java:18)
... Removed 25 stack frames]]>
    </failure>
  </testcase> <!-- f -->
  <testcase name="createTask" time="3.125" classname="testNG.TestngVtiger">
    <failure type="java.lang.NullPointerException">
      <![CDATA[java.lang.NullPointerException
at testNG.TestngVtiger.createTask(TestngVtiger.java:19)
... Removed 25 stack frames]]>
    </failure>
  </testcase> <!-- createTask -->
  <testcase name="deleteTask" time="0.003" classname="testNG.TestngVtiger">
    <failure type="java.lang.NullPointerException">
      <![CDATA[java.lang.NullPointerException
at testNG.TestngVtiger.deleteTask(TestngVtiger.java:53)
... Removed 25 stack frames]]>
    </failure>
  </testcase> <!-- deleteTask -->
  <testcase name="modifyTask" time="0.001" classname="testNG.TestngVtiger">
    <failure type="java.lang.NullPointerException">
      <![CDATA[java.lang.NullPointerException
at testNG.TestngVtiger.modifyTask(TestngVtiger.java:40)
... Removed 25 stack frames]]>
    </failure>
  </testcase> <!-- modifyTask -->
  <testcase name="createPIM" time="16.592" classname="testNG.TestngPIM"/>
  <testcase name="testCase1" time="0.001" classname="testNG.Example2"/>
  <testcase name="testCase2" time="0.001" classname="testNG.Example2"/>
  <testcase name="testCase3" time="0.001" classname="testNG.Example2"/>
  <testcase name="testCase1" time="0.001" classname="testNG.Example1"/>
  <testcase name="countNames" time="34.029" classname="testNG.TestngErail">
    <failure type="java.lang.NullPointerException">
      <![CDATA[java.lang.NullPointerException
at testNG.TestngErail.countNames(TestngErail.java:23)
... Removed 25 stack frames]]>
    </failure>
  </testcase> <!-- countNames -->
  <testcase name="a_signUp" time="0.001" classname="testNG.Example4"/>
  <testcase name="b_login" time="0.0" classname="testNG.Example4"/>
  <testcase name="c_compose" time="0.0" classname="testNG.Example4"/>
  <testcase name="compose" time="0.001" classname="testNG.Example3"/>
  <testcase name="login" time="0.006" classname="testNG.Example3"/>
  <testcase name="signUp" time="0.0" classname="testNG.Example3"/>
  <testcase name="a_openBrowserAndAppURL" time="13.672" classname="testNG.ActiTimeUtilitySample"/>
  <testcase name="b_login" time="0.23" classname="testNG.ActiTimeUtilitySample"/>
  <testcase name="c_createTask" time="0.001" classname="testNG.ActiTimeUtilitySample"/>
  <testcase name="d_logoutClose" time="0.001" classname="testNG.ActiTimeUtilitySample"/>
  <testcase name="createTask" time="21.423" classname="testNG.TestngtActiTime">
    <failure type="java.lang.NullPointerException">
      <![CDATA[java.lang.NullPointerException
at testNG.TestngtActiTime.createTask(TestngtActiTime.java:22)
... Removed 25 stack frames]]>
    </failure>
  </testcase> <!-- createTask -->
  <testcase name="deleteTask" time="0.002" classname="testNG.TestngtActiTime">
    <failure type="java.lang.NullPointerException">
      <![CDATA[java.lang.NullPointerException
at testNG.TestngtActiTime.deleteTask(TestngtActiTime.java:54)
... Removed 25 stack frames]]>
    </failure>
  </testcase> <!-- deleteTask -->
</testsuite> <!-- Test -->
