<?xml version="1.0" encoding="UTF-8"?>
<!-- Generated by org.testng.reporters.JUnitXMLReporter -->
<testsuite hostname="VEDANT" ignored="3" name="testing" tests="2" failures="0" timestamp="03 Feb 2023 08:00:49 GMT" time="0.031" errors="0">
  <testcase name="testCaseOne" time="0.0" classname="advanceTestNG.GroupExamples"/>
  <testcase name="testCaseTwo" time="0.0" classname="advanceTestNG.GroupExamples"/>
  <testcase name="testCaseFive" time="0.0" classname="advanceTestNG.GroupExamples">
    <ignored/>
  </testcase> <!-- testCaseFive -->
  <testcase name="testCaseThree" time="0.0" classname="advanceTestNG.GroupExamples">
    <ignored/>
  </testcase> <!-- testCaseThree -->
  <testcase name="testCaseFour" time="0.0" classname="advanceTestNG.GroupExamples">
    <ignored/>
  </testcase> <!-- testCaseFour -->
</testsuite> <!-- testing -->
